-------------------------------------------------------------------------------
Test set: org.pitest.mutationtest.engine.gregor.TestGregorMutater
-------------------------------------------------------------------------------
Tests run: 19, Failures: 1, Errors: 0, Skipped: 0, Time elapsed: 0.619 sec <<< FAILURE! - in org.pitest.mutationtest.engine.gregor.TestGregorMutater
shouldNotMutateCodeGeneratedByCompilerToImplementEnums(org.pitest.mutationtest.engine.gregor.TestGregorMutater)  Time elapsed: 0.047 sec  <<< FAILURE!
java.lang.AssertionError: null
	at org.junit.Assert.fail(Assert.java:86)
	at org.junit.Assert.assertTrue(Assert.java:41)
	at org.junit.Assert.assertTrue(Assert.java:52)
	at org.pitest.mutationtest.engine.gregor.TestGregorMutater.shouldNotMutateCodeGeneratedByCompilerToImplementEnums(TestGregorMutater.java:100)

