<?xml version="1.0" encoding="UTF-8"?>
<testsuite name="org.pitest.mutationtest.commandline.OptionsParserTest" time="0.334" tests="59" errors="0" skipped="0" failures="2">
  <properties>
    <property name="java.runtime.name" value="Java(TM) SE Runtime Environment"/>
    <property name="sun.boot.library.path" value="C:\Program Files\Java\jdk1.8.0_131\jre\bin"/>
    <property name="java.vm.version" value="25.131-b11"/>
    <property name="java.vm.vendor" value="Oracle Corporation"/>
    <property name="java.vendor.url" value="http://java.oracle.com/"/>
    <property name="path.separator" value=";"/>
    <property name="guice.disable.misplaced.annotation.check" value="true"/>
    <property name="java.vm.name" value="Java HotSpot(TM) 64-Bit Server VM"/>
    <property name="file.encoding.pkg" value="sun.io"/>
    <property name="user.script" value=""/>
    <property name="user.country" value="US"/>
    <property name="sun.java.launcher" value="SUN_STANDARD"/>
    <property name="sun.os.patch.level" value=""/>
    <property name="java.vm.specification.name" value="Java Virtual Machine Specification"/>
    <property name="user.dir" value="C:\Users\Sam Benton&apos;s PC\Documents\GitHub\Pitest-Augmentation-Project"/>
    <property name="java.runtime.version" value="1.8.0_131-b11"/>
    <property name="java.awt.graphicsenv" value="sun.awt.Win32GraphicsEnvironment"/>
    <property name="java.endorsed.dirs" value="C:\Program Files\Java\jdk1.8.0_131\jre\lib\endorsed"/>
    <property name="os.arch" value="amd64"/>
    <property name="java.io.tmpdir" value="C:\Users\SAMBEN~1\AppData\Local\Temp\"/>
    <property name="line.separator" value="&#10;"/>
    <property name="java.vm.specification.vendor" value="Oracle Corporation"/>
    <property name="user.variant" value=""/>
    <property name="os.name" value="Windows 10"/>
    <property name="maven.ext.class.path" value="C:\Program Files\NetBeans 8.0.2\java\maven-nblib\netbeans-eventspy.jar"/>
    <property name="classworlds.conf" value="C:\Program Files\NetBeans 8.0.2\java\maven\bin\m2.conf"/>
    <property name="sun.jnu.encoding" value="Cp1252"/>
    <property name="java.library.path" value="C:\Program Files\Java\jdk1.8.0_131\bin;C:\Windows\Sun\Java\bin;C:\Windows\system32;C:\Windows;C:\Program Files (x86)\Intel\iCLS Client\;C:\Program Files\Intel\iCLS Client\;C:\Windows\system32;C:\Windows;C:\Windows\System32\Wbem;C:\Windows\System32\WindowsPowerShell\v1.0\;C:\Program Files (x86)\Intel\Intel(R) Management Engine Components\DAL;C:\Program Files\Intel\Intel(R) Management Engine Components\DAL;C:\Program Files (x86)\Intel\Intel(R) Management Engine Components\IPT;C:\Program Files\Intel\Intel(R) Management Engine Components\IPT;C:\Program Files (x86)\NVIDIA Corporation\PhysX\Common;C:\Program Files\Intel\WiFi\bin\;C:\Program Files\Common Files\Intel\WirelessCommon\;C:\Program Files\dotnet\;C:\Program Files (x86)\Xoreax\IncrediBuild;C:\Program Files\Git\cmd;C:\Program Files (x86)\Java\jdk1.8.0_131\bin;C:\Users\Sam Benton&apos;s PC\AppData\Local\Microsoft\WindowsApps;C:\Program Files\Intel\WiFi\bin\;C:\Program Files\Common Files\Intel\WirelessCommon\;."/>
    <property name="java.specification.name" value="Java Platform API Specification"/>
    <property name="java.class.version" value="52.0"/>
    <property name="sun.management.compiler" value="HotSpot 64-Bit Tiered Compilers"/>
    <property name="os.version" value="10.0"/>
    <property name="user.home" value="C:\Users\Sam Benton&apos;s PC"/>
    <property name="user.timezone" value="America/Chicago"/>
    <property name="java.awt.printerjob" value="sun.awt.windows.WPrinterJob"/>
    <property name="java.specification.version" value="1.8"/>
    <property name="file.encoding" value="UTF-8"/>
    <property name="user.name" value="Sam Benton&apos;s PC"/>
    <property name="java.class.path" value="C:\Program Files\NetBeans 8.0.2\java\maven\boot\plexus-classworlds-2.4.jar"/>
    <property name="java.vm.specification.version" value="1.8"/>
    <property name="sun.arch.data.model" value="64"/>
    <property name="java.home" value="C:\Program Files\Java\jdk1.8.0_131\jre"/>
    <property name="sun.java.command" value="org.codehaus.plexus.classworlds.launcher.Launcher -Dmaven.ext.class.path=C:\Program Files\NetBeans 8.0.2\java\maven-nblib\netbeans-eventspy.jar -Dfile.encoding=UTF-8 install"/>
    <property name="java.specification.vendor" value="Oracle Corporation"/>
    <property name="user.language" value="en"/>
    <property name="awt.toolkit" value="sun.awt.windows.WToolkit"/>
    <property name="java.vm.info" value="mixed mode"/>
    <property name="java.version" value="1.8.0_131"/>
    <property name="java.ext.dirs" value="C:\Program Files\Java\jdk1.8.0_131\jre\lib\ext;C:\Windows\Sun\Java\lib\ext"/>
    <property name="sun.boot.class.path" value="C:\Program Files\Java\jdk1.8.0_131\jre\lib\resources.jar;C:\Program Files\Java\jdk1.8.0_131\jre\lib\rt.jar;C:\Program Files\Java\jdk1.8.0_131\jre\lib\sunrsasign.jar;C:\Program Files\Java\jdk1.8.0_131\jre\lib\jsse.jar;C:\Program Files\Java\jdk1.8.0_131\jre\lib\jce.jar;C:\Program Files\Java\jdk1.8.0_131\jre\lib\charsets.jar;C:\Program Files\Java\jdk1.8.0_131\jre\lib\jfr.jar;C:\Program Files\Java\jdk1.8.0_131\jre\classes"/>
    <property name="java.vendor" value="Oracle Corporation"/>
    <property name="maven.home" value="C:\Program Files\NetBeans 8.0.2\java\maven"/>
    <property name="file.separator" value="\"/>
    <property name="java.vendor.url.bug" value="http://bugreport.sun.com/bugreport/"/>
    <property name="sun.cpu.endian" value="little"/>
    <property name="sun.io.unicode.encoding" value="UnicodeLittle"/>
    <property name="sun.desktop" value="windows"/>
    <property name="sun.cpu.isalist" value="amd64"/>
  </properties>
  <testcase name="shouldIncludeLaunchClasspathByDefault" classname="org.pitest.mutationtest.commandline.OptionsParserTest" time="0.15"/>
  <testcase name="shouldFailWhenNoMutationsSetByDefault" classname="org.pitest.mutationtest.commandline.OptionsParserTest" time="0.003"/>
  <testcase name="shouldDefaultMutationUnitSizeToCorrectValue" classname="org.pitest.mutationtest.commandline.OptionsParserTest" time="0.001"/>
  <testcase name="shouldIncludeLaunchClasspathWhenFlag" classname="org.pitest.mutationtest.commandline.OptionsParserTest" time="0.002"/>
  <testcase name="shouldDefaultToHtmlReportWhenNoOutputFormatsSpecified" classname="org.pitest.mutationtest.commandline.OptionsParserTest" time="0.001"/>
  <testcase name="shouldParseVerboseFlag" classname="org.pitest.mutationtest.commandline.OptionsParserTest" time="0.002"/>
  <testcase name="shouldDefaultToGregorEngineWhenNoOptionSupplied" classname="org.pitest.mutationtest.commandline.OptionsParserTest" time="0.001"/>
  <testcase name="shouldDetermineIfMutateStaticInitializersFlagIsSetWhenFalseSupplied" classname="org.pitest.mutationtest.commandline.OptionsParserTest" time="0.002"/>
  <testcase name="shouldParseHistoryOutputLocation" classname="org.pitest.mutationtest.commandline.OptionsParserTest" time="0.001"/>
  <testcase name="shouldParseCommaSeparatedListOfTargetTestClassGlobs" classname="org.pitest.mutationtest.commandline.OptionsParserTest" time="0.004"/>
  <testcase name="shouldDetermineIfInlinedCodeFlagIsSetWhenFalseSupplied" classname="org.pitest.mutationtest.commandline.OptionsParserTest" time="0.001"/>
  <testcase name="shouldNotIncludeLaunchClasspathWhenFlagUnset" classname="org.pitest.mutationtest.commandline.OptionsParserTest" time="0.003"/>
  <testcase name="shouldParseTimeOutConstant" classname="org.pitest.mutationtest.commandline.OptionsParserTest" time="0.002"/>
  <testcase name="shouldParseCoverageThreshold" classname="org.pitest.mutationtest.commandline.OptionsParserTest" time="0.001"/>
  <testcase name="shouldDetermineIfFailWhenNoMutationsFlagIsSet" classname="org.pitest.mutationtest.commandline.OptionsParserTest" time="0.003"/>
  <testcase name="shouldParseCommaSeparatedListOfSourceDirectories" classname="org.pitest.mutationtest.commandline.OptionsParserTest" time="0.002"/>
  <testcase name="shouldParseCommaSeparatedListOfClassesToAvoidCallTo" classname="org.pitest.mutationtest.commandline.OptionsParserTest" time="0.003"/>
  <testcase name="shouldDetermineIfSuppressTimestampedReportsFlagIsSetWhenFalseSupplied" classname="org.pitest.mutationtest.commandline.OptionsParserTest" time="0.001"/>
  <testcase name="shouldCreateEmptyPluginPropertiesWhenNoneSupplied" classname="org.pitest.mutationtest.commandline.OptionsParserTest" time="0.001"/>
  <testcase name="shouldParseReportDir" classname="org.pitest.mutationtest.commandline.OptionsParserTest" time="0.002"/>
  <testcase name="shouldParseJVM" classname="org.pitest.mutationtest.commandline.OptionsParserTest" time="0.001"/>
  <testcase name="shouldHandleNotCanonicalLaunchClasspathElements" classname="org.pitest.mutationtest.commandline.OptionsParserTest" time="0.111">
    <failure message="&#10;Expected size:&lt;1&gt; but was:&lt;0&gt; in:&#10;&lt;[]&gt;" type="java.lang.AssertionError"><![CDATA[java.lang.AssertionError: 
Expected size:<1> but was:<0> in:
<[]>
	at org.pitest.mutationtest.commandline.OptionsParserTest.shouldHandleNotCanonicalLaunchClasspathElements(OptionsParserTest.java:478)
]]></failure>
  </testcase>
  <testcase name="shouldParseMutationUnitSize" classname="org.pitest.mutationtest.commandline.OptionsParserTest" time="0.001"/>
  <testcase name="shouldParseCommaSeparatedListOfExcludedMethods" classname="org.pitest.mutationtest.commandline.OptionsParserTest" time="0.001"/>
  <testcase name="shouldUseTargetClassesFilterForTestsWhenNoTargetTestsFilterSupplied" classname="org.pitest.mutationtest.commandline.OptionsParserTest" time="0.001"/>
  <testcase name="shouldParseCommaSeparatedListOfMutableCodePaths" classname="org.pitest.mutationtest.commandline.OptionsParserTest" time="0.001"/>
  <testcase name="shouldIncludePluginPropertyValuesWhenMultipleKeys" classname="org.pitest.mutationtest.commandline.OptionsParserTest" time="0.001"/>
  <testcase name="shouldDefaultLoggingPackagesToDefaultsDefinedByDefaultMutationConfigFactory" classname="org.pitest.mutationtest.commandline.OptionsParserTest" time="0"/>
  <testcase name="shouldNotExportLineCoverageWhenFlagNotSet" classname="org.pitest.mutationtest.commandline.OptionsParserTest" time="0.001"/>
  <testcase name="shouldParseExportLineCoverageFlag" classname="org.pitest.mutationtest.commandline.OptionsParserTest" time="0.001"/>
  <testcase name="shouldNotCreateMutationsInStaticInitializerByDefault" classname="org.pitest.mutationtest.commandline.OptionsParserTest" time="0.001"/>
  <testcase name="shouldNotDetectInlinedCodeByDefault" classname="org.pitest.mutationtest.commandline.OptionsParserTest" time="0.001"/>
  <testcase name="shouldCreateTimestampedReportsByDefault" classname="org.pitest.mutationtest.commandline.OptionsParserTest" time="0.001"/>
  <testcase name="shouldParseCommaSeparatedListOfExcludedClassGlobsAndApplyTheseToTests" classname="org.pitest.mutationtest.commandline.OptionsParserTest" time="0.001"/>
  <testcase name="shouldCreatePredicateFromCommaSeparatedListOfTargetClassGlobs" classname="org.pitest.mutationtest.commandline.OptionsParserTest" time="0.001"/>
  <testcase name="shouldParseCommaSeparatedListOfIncludedTestGroups" classname="org.pitest.mutationtest.commandline.OptionsParserTest" time="0.001"/>
  <testcase name="shouldParseMutationEnigne" classname="org.pitest.mutationtest.commandline.OptionsParserTest" time="0"/>
  <testcase name="shouldParseTimeOutFactor" classname="org.pitest.mutationtest.commandline.OptionsParserTest" time="0"/>
  <testcase name="shouldParseCommaSeparatedListOfMutationOperators" classname="org.pitest.mutationtest.commandline.OptionsParserTest" time="0.003"/>
  <testcase name="shouldParseNumberOfThreads" classname="org.pitest.mutationtest.commandline.OptionsParserTest" time="0.001"/>
  <testcase name="shouldParseCommaSeparatedListOfJVMArgs" classname="org.pitest.mutationtest.commandline.OptionsParserTest" time="0"/>
  <testcase name="shouldDetermineIfMutateStaticInitializersFlagIsSet" classname="org.pitest.mutationtest.commandline.OptionsParserTest" time="0.001"/>
  <testcase name="shouldParseCommaSeparatedListOfExcludedTestGroups" classname="org.pitest.mutationtest.commandline.OptionsParserTest" time="0.001"/>
  <testcase name="shouldDetermineIfInlinedCodeFlagIsSet" classname="org.pitest.mutationtest.commandline.OptionsParserTest" time="0.001"/>
  <testcase name="shouldParseMaximumAllowedSurvivingMutants" classname="org.pitest.mutationtest.commandline.OptionsParserTest" time="0.001"/>
  <testcase name="shouldIncludePluginPropertyValuesWhenSingleKey" classname="org.pitest.mutationtest.commandline.OptionsParserTest" time="0"/>
  <testcase name="shouldParseCommaSeparatedListOfFeatures" classname="org.pitest.mutationtest.commandline.OptionsParserTest" time="0.001"/>
  <testcase name="shouldParseCommaSeparatedListOfOutputFormatsWhenSupplied" classname="org.pitest.mutationtest.commandline.OptionsParserTest" time="0.001"/>
  <testcase name="shouldDetermineIfMutateStaticInitializersFlagIsSetWhenTrueSupplied" classname="org.pitest.mutationtest.commandline.OptionsParserTest" time="0.001"/>
  <testcase name="shouldDefaultToNoHistory" classname="org.pitest.mutationtest.commandline.OptionsParserTest" time="0.002"/>
  <testcase name="shouldParseMutationThreshold" classname="org.pitest.mutationtest.commandline.OptionsParserTest" time="0.001"/>
  <testcase name="shouldDetermineIfSuppressTimestampedReportsFlagIsSet" classname="org.pitest.mutationtest.commandline.OptionsParserTest" time="0.001"/>
  <testcase name="shouldParseCommaSeparatedListOfTargetTestClassGlobAsRegex" classname="org.pitest.mutationtest.commandline.OptionsParserTest" time="0.001"/>
  <testcase name="shouldDefaultJVMToNull" classname="org.pitest.mutationtest.commandline.OptionsParserTest" time="0.001"/>
  <testcase name="shouldAcceptCommaSeparatedListOfAdditionalClassPathElements" classname="org.pitest.mutationtest.commandline.OptionsParserTest" time="0.001"/>
  <testcase name="shouldParseCommaSeparatedListOfExcludedClassGlobsAndApplyTheseToTargets" classname="org.pitest.mutationtest.commandline.OptionsParserTest" time="0"/>
  <testcase name="shouldParseHistoryInputLocation" classname="org.pitest.mutationtest.commandline.OptionsParserTest" time="0.001"/>
  <testcase name="shouldAcceptFileWithListOfAdditionalClassPathElements" classname="org.pitest.mutationtest.commandline.OptionsParserTest" time="0.003">
    <failure type="java.lang.AssertionError:">java.lang.AssertionError: null
	at org.junit.Assert.fail(Assert.java:86)
	at org.junit.Assert.assertTrue(Assert.java:41)
	at org.junit.Assert.assertTrue(Assert.java:52)
	at org.pitest.mutationtest.commandline.OptionsParserTest.shouldAcceptFileWithListOfAdditionalClassPathElements(OptionsParserTest.java:313)
</failure>
    <system-err><![CDATA[11:18:21 PM PIT >> WARNING : Unable to read class path file:C:\Users\Sam%20Benton's%20PC\Documents\GitHub\Pitest-Augmentation-Project\pitest-command-line\target\test-classes\testClassPathFile.txt - C:\Users\Sam%20Benton's%20PC\Documents\GitHub\Pitest-Augmentation-Project\pitest-command-line\target\test-classes\testClassPathFile.txt (The system cannot find the path specified)
]]></system-err>
  </testcase>
  <testcase name="shouldParseMaxDepenencyDistance" classname="org.pitest.mutationtest.commandline.OptionsParserTest" time="0.001"/>
</testsuite>